<?xml version="1.0" encoding="UTF-8"?>
<!-- Generated by org.testng.reporters.JUnitReportReporter -->
<testsuite skipped="0" hostname="DESKTOP-I96GQ4S" name="com.crm.qa.testcases.LoginPageTest" tests="3" failures="0" timestamp="04 Jul 2018 07:20:33 GMT" time="136.501" errors="0">
  <testcase name="loginPageTitleTest" time="37.358" classname="com.crm.qa.testcases.LoginPageTest"/>
  <testcase name="crmLogoImageTest" time="28.901" classname="com.crm.qa.testcases.LoginPageTest"/>
  <testcase name="loginTest" time="70.242" classname="com.crm.qa.testcases.LoginPageTest"/>
</testsuite> <!-- com.crm.qa.testcases.LoginPageTest -->
